#
# A fatal error has been detected by the Java Runtime Environment:
#
#  EXCEPTION_ACCESS_VIOLATION (0xc0000005) at pc=0x00000000766743b6, pid=3296, tid=0x00000000000009a0
#
# JRE version: Java(TM) SE Runtime Environment (8.0_221-b11) (build 1.8.0_221-b11)
# Java VM: Java HotSpot(TM) 64-Bit Server VM (25.221-b11 mixed mode windows-amd64 compressed oops)
# Problematic frame:
# V  [jvm.dll+0x3d43b6]
#
# Failed to write core dump. Minidumps are not enabled by default on client versions of Windows
#
# If you would like to submit a bug report, please visit:
#   http://bugreport.java.com/bugreport/crash.jsp
#

---------------  T H R E A D  ---------------

Current thread (0x0000000003368800):  GCTaskThread [stack: 0x0000000013f50000,0x0000000014050000] [id=2464]

siginfo: ExceptionCode=0xc0000005, reading address 0x0000000000007c90

Registers:
RAX=0x0000000000007c88, RBX=0x0000000000000004, RCX=0x0000000000000001, RDX=0x000000001edf0960
RSP=0x000000001404fab0, RBP=0x000000001404fb90, RSI=0x000000000000000a, RDI=0x000000000343a1c0
R8 =0x0000000000000001, R9 =0x000000001499260d, R10=0x0000000000000002, R11=0x000000001404fb20
R12=0x0000000000000001, R13=0x000000001404fba8, R14=0x0000000000000000, R15=0x0000000003369010
RIP=0x00000000766743b6, EFLAGS=0x0000000000010202

Top of Stack: (sp=0x000000001404fab0)
0x000000001404fab0:   000000002a4825a0 00000000766a464f
0x000000001404fac0:   0000000000000009 0000000000000008
0x000000001404fad0:   001a2a3800007c88 001a2a3800007c82
0x000000001404fae0:   00000007aeda0000 001a2a3800007c83
0x000000001404faf0:   001a2a3800007c85 000000007651f05f
0x000000001404fb00:   0000000003369000 0000000003361370
0x000000001404fb10:   0000000003369000 0000000003361370
0x000000001404fb20:   0000000003369000 0000000003361370
0x000000001404fb30:   00000000768fc9f8 000000002a4825a0
0x000000001404fb40:   000000000000000a 00000000766a7bad
0x000000001404fb50:   000000001edf1380 000000001edf1380
0x000000001404fb60:   0000000000000000 00000007addc8b45
0x000000001404fb70:   000000002a4825a0 0000000000000000
0x000000001404fb80:   0000000000000000 000000007669677e
0x000000001404fb90:   000000001499260d 0000000003368800
0x000000001404fba0:   0000000000000000 0000000000000000 

Instructions: (pc=0x00000000766743b6)
0x0000000076674396:   44 24 20 2b c8 81 e1 ff ff 01 00 81 f9 ff ff 01
0x00000000766743a6:   00 41 0f 44 ce 85 c9 75 07 32 c0 e9 e3 00 00 00
0x00000000766743b6:   8b 4c 24 20 48 8b 42 30 48 8b 04 c8 48 8b 5c 24
0x00000000766743c6:   20 49 89 45 00 8d 43 01 48 89 9c 24 a0 00 00 00 


Register to memory mapping:

RAX=0x0000000000007c88 is an unknown value
RBX=0x0000000000000004 is an unknown value
RCX=0x0000000000000001 is an unknown value
RDX=0x000000001edf0960 is an unknown value
RSP=0x000000001404fab0 is an unknown value
RBP=0x000000001404fb90 is an unknown value
RSI=0x000000000000000a is an unknown value
RDI=0x000000000343a1c0 is an unknown value
R8 =0x0000000000000001 is an unknown value
R9 =0x000000001499260d is an unknown value
R10=0x0000000000000002 is an unknown value
R11=0x000000001404fb20 is an unknown value
R12=0x0000000000000001 is an unknown value
R13=0x000000001404fba8 is an unknown value
R14=0x0000000000000000 is an unknown value
R15=0x0000000003369010 is an unknown value


Stack: [0x0000000013f50000,0x0000000014050000],  sp=0x000000001404fab0,  free space=1022k
Native frames: (J=compiled Java code, j=interpreted, Vv=VM code, C=native code)
V  [jvm.dll+0x3d43b6]
V  [jvm.dll+0x407bad]
V  [jvm.dll+0x3f677e]
V  [jvm.dll+0x29fb8a]
C  [msvcr100.dll+0x21d9f]
C  [msvcr100.dll+0x21e3b]
C  [KERNEL32.DLL+0x17034]
C  [ntdll.dll+0x52651]


---------------  P R O C E S S  ---------------

Java Threads: ( => current thread )
  0x000000002a32e800 JavaThread "D3D Screen Updater" daemon [_thread_blocked, id=16624, stack(0x0000000029700000,0x0000000029800000)]
  0x000000000333e000 JavaThread "DestroyJavaVM" [_thread_blocked, id=7444, stack(0x0000000003180000,0x0000000003280000)]
  0x00000000222ae000 JavaThread "AWT-EventQueue-0" [_thread_blocked, id=1756, stack(0x0000000029500000,0x0000000029600000)]
  0x0000000021e1f800 JavaThread "AWT-Shutdown" [_thread_blocked, id=6228, stack(0x0000000029400000,0x0000000029500000)]
  0x000000002a429800 JavaThread "TimerQueue" daemon [_thread_blocked, id=15800, stack(0x00000000223d0000,0x00000000224d0000)]
  0x0000000021c57800 JavaThread "AWT-Windows" daemon [_thread_in_native, id=13664, stack(0x00000000224d0000,0x00000000225d0000)]
  0x0000000021c9d800 JavaThread "Java2D Disposer" daemon [_thread_blocked, id=8076, stack(0x00000000222b0000,0x00000000223b0000)]
  0x000000001ef16800 JavaThread "Service Thread" daemon [_thread_blocked, id=16108, stack(0x0000000021770000,0x0000000021870000)]
  0x000000001ee76000 JavaThread "C1 CompilerThread11" daemon [_thread_blocked, id=16804, stack(0x0000000021570000,0x0000000021670000)]
  0x000000001ee76800 JavaThread "C1 CompilerThread10" daemon [_thread_blocked, id=8512, stack(0x0000000021470000,0x0000000021570000)]
  0x000000001ee74800 JavaThread "C1 CompilerThread9" daemon [_thread_blocked, id=3212, stack(0x0000000021370000,0x0000000021470000)]
  0x000000001ee69800 JavaThread "C1 CompilerThread8" daemon [_thread_blocked, id=6748, stack(0x0000000021270000,0x0000000021370000)]
  0x000000001ee46800 JavaThread "C2 CompilerThread7" daemon [_thread_blocked, id=11912, stack(0x0000000021170000,0x0000000021270000)]
  0x000000001ee46000 JavaThread "C2 CompilerThread6" daemon [_thread_blocked, id=12748, stack(0x0000000021070000,0x0000000021170000)]
  0x000000001ee3f800 JavaThread "C2 CompilerThread5" daemon [_thread_blocked, id=17184, stack(0x0000000020f70000,0x0000000021070000)]
  0x000000001ee3d000 JavaThread "C2 CompilerThread4" daemon [_thread_blocked, id=13496, stack(0x0000000020e70000,0x0000000020f70000)]
  0x000000001ee39000 JavaThread "C2 CompilerThread3" daemon [_thread_blocked, id=7188, stack(0x0000000020d70000,0x0000000020e70000)]
  0x000000001ee36000 JavaThread "C2 CompilerThread2" daemon [_thread_blocked, id=7704, stack(0x0000000020c70000,0x0000000020d70000)]
  0x000000001ee35800 JavaThread "C2 CompilerThread1" daemon [_thread_blocked, id=13856, stack(0x0000000020b70000,0x0000000020c70000)]
  0x000000001ee32800 JavaThread "C2 CompilerThread0" daemon [_thread_blocked, id=13492, stack(0x0000000020a70000,0x0000000020b70000)]
  0x000000001ee32000 JavaThread "Attach Listener" daemon [_thread_blocked, id=9672, stack(0x0000000020970000,0x0000000020a70000)]
  0x000000001ee2d000 JavaThread "Signal Dispatcher" daemon [_thread_blocked, id=15444, stack(0x0000000020870000,0x0000000020970000)]
  0x000000001d3a4800 JavaThread "Finalizer" daemon [_thread_blocked, id=5368, stack(0x0000000020670000,0x0000000020770000)]
  0x000000001ee16000 JavaThread "Reference Handler" daemon [_thread_blocked, id=14572, stack(0x0000000020570000,0x0000000020670000)]

Other Threads:
  0x000000001edf3000 VMThread [stack: 0x0000000020470000,0x0000000020570000] [id=5428]
  0x000000001ef66800 WatcherThread [stack: 0x0000000021870000,0x0000000021970000] [id=1312]

=>0x0000000003368800 (exited) GCTaskThread [stack: 0x0000000013f50000,0x0000000014050000] [id=2464]

VM state:at safepoint (normal execution)

VM Mutex/Monitor currently owned by a thread:  ([mutex/lock_event])
[0x000000000333ccd0] Threads_lock - owner thread: 0x000000001edf3000
[0x000000000333cad0] Heap_lock - owner thread: 0x00000000222ae000

heap address: 0x00000006c1400000, size: 4076 MB, Compressed Oops mode: Zero based, Oop shift amount: 3
Narrow klass base: 0x0000000000000000, Narrow klass shift: 3
Compressed class space size: 1073741824 Address: 0x00000007c0000000

Heap:
 PSYoungGen      total 606720K, used 606688K [0x000000076b180000, 0x00000007bf700000, 0x00000007c0000000)
  eden space 464384K, 100% used [0x000000076b180000,0x0000000787700000,0x0000000787700000)
  from space 142336K, 99% used [0x0000000787700000,0x00000007901f8000,0x0000000790200000)
  to   space 458752K, 41% used [0x00000007a3700000,0x00000007af310000,0x00000007bf700000)
 ParOldGen       total 2336256K, used 1662997K [0x00000006c1400000, 0x000000074fd80000, 0x000000076b180000)
  object space 2336256K, 71% used [0x00000006c1400000,0x0000000726c054b0,0x000000074fd80000)
 Metaspace       used 9601K, capacity 9820K, committed 9984K, reserved 1058816K
  class space    used 1132K, capacity 1222K, committed 1280K, reserved 1048576K

Card table byte_map: [0x0000000012800000,0x0000000013000000] byte_map_base: 0x000000000f1f6000

Marking Bits: (ParMarkBitMap*) 0x0000000076ac5ce0
 Begin Bits: [0x0000000014250000, 0x0000000018200000)
 End Bits:   [0x0000000018200000, 0x000000001c1b0000)

Polling page: 0x0000000001470000

CodeCache: size=245760Kb used=6242Kb max_used=6327Kb free=239517Kb
 bounds [0x0000000003440000, 0x0000000003a80000, 0x0000000012440000]
 total_blobs=1486 nmethods=1044 adapters=352
 compilation: enabled

Compilation events (10 events):
Event: 13.404 Thread 0x000000001ee3f800 nmethod 1040 0x0000000003a10810 code [0x0000000003a10960, 0x0000000003a10f18]
Event: 16.191 Thread 0x000000001ee32800 nmethod 1038 0x0000000003a59e50 code [0x0000000003a5af40, 0x0000000003a6eb60]
Event: 16.191 Thread 0x000000001ee39000 1041       4       java.util.concurrent.locks.AbstractQueuedSynchronizer::transferForSignal (45 bytes)
Event: 16.192 Thread 0x000000001ee39000 nmethod 1041 0x0000000003a105d0 code [0x0000000003a10700, 0x0000000003a10798]
Event: 16.195 Thread 0x000000001ee3d000 1042       4       java.util.concurrent.TimeUnit$3::toNanos (11 bytes)
Event: 16.195 Thread 0x000000001ee3d000 nmethod 1042 0x0000000003a16f90 code [0x0000000003a170c0, 0x0000000003a17198]
Event: 16.197 Thread 0x000000001ee46800 1043       4       java.util.PriorityQueue::poll (64 bytes)
Event: 16.197 Thread 0x000000001ee46800 nmethod 1043 0x0000000003a15410 code [0x0000000003a15560, 0x0000000003a15678]
Event: 19.690 Thread 0x000000001ee35800 1044   !   4       java.util.concurrent.DelayQueue::take (214 bytes)
Event: 19.695 Thread 0x000000001ee35800 nmethod 1044 0x0000000003a17890 code [0x0000000003a17a40, 0x0000000003a18140]

GC Heap History (10 events):
Event: 24.506 GC heap after
Heap after GC invocations=29 (full 5):
 PSYoungGen      total 885248K, used 130848K [0x000000076b180000, 0x00000007bd480000, 0x00000007c0000000)
  eden space 471040K, 0% used [0x000000076b180000,0x000000076b180000,0x0000000787d80000)
  from space 414208K, 31% used [0x00000007a4000000,0x00000007abfc8000,0x00000007bd480000)
  to   space 437760K, 0% used [0x0000000787d80000,0x0000000787d80000,0x00000007a2900000)
 ParOldGen       total 1745920K, used 1242525K [0x00000006c1400000, 0x000000072bd00000, 0x000000076b180000)
  object space 1745920K, 71% used [0x00000006c1400000,0x000000070d167608,0x000000072bd00000)
 Metaspace       used 9601K, capacity 9820K, committed 9984K, reserved 1058816K
  class space    used 1132K, capacity 1222K, committed 1280K, reserved 1048576K
}
Event: 24.644 GC heap before
{Heap before GC invocations=30 (full 5):
 PSYoungGen      total 885248K, used 601888K [0x000000076b180000, 0x00000007bd480000, 0x00000007c0000000)
  eden space 471040K, 100% used [0x000000076b180000,0x0000000787d80000,0x0000000787d80000)
  from space 414208K, 31% used [0x00000007a4000000,0x00000007abfc8000,0x00000007bd480000)
  to   space 437760K, 0% used [0x0000000787d80000,0x0000000787d80000,0x00000007a2900000)
 ParOldGen       total 1745920K, used 1242525K [0x00000006c1400000, 0x000000072bd00000, 0x000000076b180000)
  object space 1745920K, 71% used [0x00000006c1400000,0x000000070d167608,0x000000072bd00000)
 Metaspace       used 9601K, capacity 9820K, committed 9984K, reserved 1058816K
  class space    used 1132K, capacity 1222K, committed 1280K, reserved 1048576K
Event: 24.825 GC heap after
Heap after GC invocations=30 (full 5):
 PSYoungGen      total 908800K, used 412327K [0x000000076b180000, 0x00000007c0000000, 0x00000007c0000000)
  eden space 471040K, 0% used [0x000000076b180000,0x000000076b180000,0x0000000787d80000)
  from space 437760K, 94% used [0x0000000787d80000,0x00000007a1029f90,0x00000007a2900000)
  to   space 463360K, 0% used [0x00000007a3b80000,0x00000007a3b80000,0x00000007c0000000)
 ParOldGen       total 1745920K, used 1242525K [0x00000006c1400000, 0x000000072bd00000, 0x000000076b180000)
  object space 1745920K, 71% used [0x00000006c1400000,0x000000070d167608,0x000000072bd00000)
 Metaspace       used 9601K, capacity 9820K, committed 9984K, reserved 1058816K
  class space    used 1132K, capacity 1222K, committed 1280K, reserved 1048576K
}
Event: 24.969 GC heap before
{Heap before GC invocations=31 (full 5):
 PSYoungGen      total 908800K, used 883367K [0x000000076b180000, 0x00000007c0000000, 0x00000007c0000000)
  eden space 471040K, 100% used [0x000000076b180000,0x0000000787d80000,0x0000000787d80000)
  from space 437760K, 94% used [0x0000000787d80000,0x00000007a1029f90,0x00000007a2900000)
  to   space 463360K, 0% used [0x00000007a3b80000,0x00000007a3b80000,0x00000007c0000000)
 ParOldGen       total 1745920K, used 1242525K [0x00000006c1400000, 0x000000072bd00000, 0x000000076b180000)
  object space 1745920K, 71% used [0x00000006c1400000,0x000000070d167608,0x000000072bd00000)
 Metaspace       used 9601K, capacity 9820K, committed 9984K, reserved 1058816K
  class space    used 1132K, capacity 1222K, committed 1280K, reserved 1048576K
Event: 25.222 GC heap after
Heap after GC invocations=31 (full 5):
 PSYoungGen      total 927744K, used 144288K [0x000000076b180000, 0x00000007c0000000, 0x00000007c0000000)
  eden space 464384K, 0% used [0x000000076b180000,0x000000076b180000,0x0000000787700000)
  from space 463360K, 31% used [0x00000007a3b80000,0x00000007ac868000,0x00000007c0000000)
  to   space 463360K, 0% used [0x0000000787700000,0x0000000787700000,0x00000007a3b80000)
 ParOldGen       total 1745920K, used 1574809K [0x00000006c1400000, 0x000000072bd00000, 0x000000076b180000)
  object space 1745920K, 90% used [0x00000006c1400000,0x00000007215e65d0,0x000000072bd00000)
 Metaspace       used 9601K, capacity 9820K, committed 9984K, reserved 1058816K
  class space    used 1132K, capacity 1222K, committed 1280K, reserved 1048576K
}
Event: 25.222 GC heap before
{Heap before GC invocations=32 (full 6):
 PSYoungGen      total 927744K, used 144288K [0x000000076b180000, 0x00000007c0000000, 0x00000007c0000000)
  eden space 464384K, 0% used [0x000000076b180000,0x000000076b180000,0x0000000787700000)
  from space 463360K, 31% used [0x00000007a3b80000,0x00000007ac868000,0x00000007c0000000)
  to   space 463360K, 0% used [0x0000000787700000,0x0000000787700000,0x00000007a3b80000)
 ParOldGen       total 1745920K, used 1574809K [0x00000006c1400000, 0x000000072bd00000, 0x000000076b180000)
  object space 1745920K, 90% used [0x00000006c1400000,0x00000007215e65d0,0x000000072bd00000)
 Metaspace       used 9601K, capacity 9820K, committed 9984K, reserved 1058816K
  class space    used 1132K, capacity 1222K, committed 1280K, reserved 1048576K
Event: 28.946 GC heap after
Heap after GC invocations=32 (full 6):
 PSYoungGen      total 927744K, used 0K [0x000000076b180000, 0x00000007c0000000, 0x00000007c0000000)
  eden space 464384K, 0% used [0x000000076b180000,0x000000076b180000,0x0000000787700000)
  from space 463360K, 0% used [0x00000007a3b80000,0x00000007a3b80000,0x00000007c0000000)
  to   space 463360K, 0% used [0x0000000787700000,0x0000000787700000,0x00000007a3b80000)
 ParOldGen       total 2336256K, used 1662997K [0x00000006c1400000, 0x000000074fd80000, 0x000000076b180000)
  object space 2336256K, 71% used [0x00000006c1400000,0x0000000726c054b0,0x000000074fd80000)
 Metaspace       used 9601K, capacity 9820K, committed 9984K, reserved 1058816K
  class space    used 1132K, capacity 1222K, committed 1280K, reserved 1048576K
}
Event: 29.088 GC heap before
{Heap before GC invocations=33 (full 6):
 PSYoungGen      total 927744K, used 464384K [0x000000076b180000, 0x00000007c0000000, 0x00000007c0000000)
  eden space 464384K, 100% used [0x000000076b180000,0x0000000787700000,0x0000000787700000)
  from space 463360K, 0% used [0x00000007a3b80000,0x00000007a3b80000,0x00000007c0000000)
  to   space 463360K, 0% used [0x0000000787700000,0x0000000787700000,0x00000007a3b80000)
 ParOldGen       total 2336256K, used 1662997K [0x00000006c1400000, 0x000000074fd80000, 0x000000076b180000)
  object space 2336256K, 71% used [0x00000006c1400000,0x0000000726c054b0,0x000000074fd80000)
 Metaspace       used 9601K, capacity 9820K, committed 9984K, reserved 1058816K
  class space    used 1132K, capacity 1222K, committed 1280K, reserved 1048576K
Event: 29.379 GC heap after
Heap after GC invocations=33 (full 6):
 PSYoungGen      total 606720K, used 142304K [0x000000076b180000, 0x00000007bf700000, 0x00000007c0000000)
  eden space 464384K, 0% used [0x000000076b180000,0x000000076b180000,0x0000000787700000)
  from space 142336K, 99% used [0x0000000787700000,0x00000007901f8000,0x0000000790200000)
  to   space 458752K, 0% used [0x00000007a3700000,0x00000007a3700000,0x00000007bf700000)
 ParOldGen       total 2336256K, used 1662997K [0x00000006c1400000, 0x000000074fd80000, 0x000000076b180000)
  object space 2336256K, 71% used [0x00000006c1400000,0x0000000726c054b0,0x000000074fd80000)
 Metaspace       used 9601K, capacity 9820K, committed 9984K, reserved 1058816K
  class space    used 1132K, capacity 1222K, committed 1280K, reserved 1048576K
}
Event: 29.522 GC heap before
{Heap before GC invocations=34 (full 6):
 PSYoungGen      total 606720K, used 606688K [0x000000076b180000, 0x00000007bf700000, 0x00000007c0000000)
  eden space 464384K, 100% used [0x000000076b180000,0x0000000787700000,0x0000000787700000)
  from space 142336K, 99% used [0x0000000787700000,0x00000007901f8000,0x0000000790200000)
  to   space 458752K, 0% used [0x00000007a3700000,0x00000007a3700000,0x00000007bf700000)
 ParOldGen       total 2336256K, used 1662997K [0x00000006c1400000, 0x000000074fd80000, 0x000000076b180000)
  object space 2336256K, 71% used [0x00000006c1400000,0x0000000726c054b0,0x000000074fd80000)
 Metaspace       used 9601K, capacity 9820K, committed 9984K, reserved 1058816K
  class space    used 1132K, capacity 1222K, committed 1280K, reserved 1048576K

Deoptimization events (10 events):
Event: 3.275 Thread 0x00000000222ae000 Uncommon trap: reason=unstable_if action=reinterpret pc=0x00000000038f3f00 method=java.util.concurrent.locks.AbstractQueuedSynchronizer.release(I)Z @ 21
Event: 3.885 Thread 0x00000000222ae000 Uncommon trap: reason=unstable_if action=reinterpret pc=0x00000000038f86e0 method=java.util.concurrent.locks.AbstractQueuedSynchronizer.release(I)Z @ 21
Event: 9.661 Thread 0x00000000222ae000 Uncommon trap: reason=unstable_if action=reinterpret pc=0x000000000391a298 method=java.awt.geom.AffineTransform.equals(Ljava/lang/Object;)Z @ 47
Event: 9.735 Thread 0x00000000222ae000 Uncommon trap: reason=class_check action=maybe_recompile pc=0x00000000038b56fc method=sun.java2d.SunGraphics2D.drawRect(IIII)V @ 10
Event: 9.799 Thread 0x00000000222ae000 Uncommon trap: reason=class_check action=maybe_recompile pc=0x00000000038b56fc method=sun.java2d.SunGraphics2D.drawRect(IIII)V @ 10
Event: 9.864 Thread 0x00000000222ae000 Uncommon trap: reason=class_check action=maybe_recompile pc=0x00000000038b56fc method=sun.java2d.SunGraphics2D.drawRect(IIII)V @ 10
Event: 10.841 Thread 0x00000000222ae000 Uncommon trap: reason=unstable_if action=reinterpret pc=0x000000000383f80c method=java.lang.String.split(Ljava/lang/String;I)[Ljava/lang/String; @ 24
Event: 10.841 Thread 0x00000000222ae000 Uncommon trap: reason=unstable_if action=reinterpret pc=0x0000000003808cb4 method=java.util.regex.Pattern$Branch.match(Ljava/util/regex/Matcher;ILjava/lang/CharSequence;)Z @ 19
Event: 10.841 Thread 0x00000000222ae000 Uncommon trap: reason=unstable_if action=reinterpret pc=0x00000000037f71d0 method=java.util.regex.Matcher.search(I)Z @ 30
Event: 10.841 Thread 0x00000000222ae000 Uncommon trap: reason=unstable_if action=reinterpret pc=0x00000000037f34f4 method=java.util.regex.Pattern$Branch.match(Ljava/util/regex/Matcher;ILjava/lang/CharSequence;)Z @ 19

Classes redefined (0 events):
No events

Internal exceptions (10 events):
Event: 0.059 Thread 0x000000000333e000 Exception <a 'java/security/PrivilegedActionException'> (0x000000076b201be0) thrown at [C:\re\workspace\8-2-build-windows-amd64-cygwin\jdk8u221\13320\hotspot\src\share\vm\prims\jvm.cpp, line 1502]
Event: 0.059 Thread 0x000000000333e000 Exception <a 'java/security/PrivilegedActionException'> (0x000000076b201df0) thrown at [C:\re\workspace\8-2-build-windows-amd64-cygwin\jdk8u221\13320\hotspot\src\share\vm\prims\jvm.cpp, line 1502]
Event: 0.060 Thread 0x000000000333e000 Exception <a 'java/security/PrivilegedActionException'> (0x000000076b204768) thrown at [C:\re\workspace\8-2-build-windows-amd64-cygwin\jdk8u221\13320\hotspot\src\share\vm\prims\jvm.cpp, line 1502]
Event: 0.060 Thread 0x000000000333e000 Exception <a 'java/security/PrivilegedActionException'> (0x000000076b204978) thrown at [C:\re\workspace\8-2-build-windows-amd64-cygwin\jdk8u221\13320\hotspot\src\share\vm\prims\jvm.cpp, line 1502]
Event: 0.063 Thread 0x000000000333e000 Exception <a 'java/io/FileNotFoundException'> (0x000000076b206ab8) thrown at [C:\re\workspace\8-2-build-windows-amd64-cygwin\jdk8u221\13320\hotspot\src\share\vm\prims\jni.cpp, line 710]
Event: 0.086 Thread 0x000000000333e000 Exception <a 'java/lang/NoSuchFieldError': method resolution failed> (0x000000076b6ae9d8) thrown at [C:\re\workspace\8-2-build-windows-amd64-cygwin\jdk8u221\13320\hotspot\src\share\vm\prims\methodHandles.cpp, line 1167]
Event: 0.087 Thread 0x000000000333e000 Exception <a 'java/lang/NoSuchFieldError': method resolution failed> (0x000000076b6bbda8) thrown at [C:\re\workspace\8-2-build-windows-amd64-cygwin\jdk8u221\13320\hotspot\src\share\vm\prims\methodHandles.cpp, line 1167]
Event: 0.109 Thread 0x000000000333e000 Exception <a 'java/io/FileNotFoundException'> (0x000000076b754ee8) thrown at [C:\re\workspace\8-2-build-windows-amd64-cygwin\jdk8u221\13320\hotspot\src\share\vm\prims\jni.cpp, line 710]
Event: 0.256 Thread 0x000000000333e000 Implicit null exception at 0x00000000037749a6 to 0x0000000003774b85
Event: 2.114 Thread 0x00000000222ae000 Implicit null exception at 0x000000000390498f to 0x0000000003905855

Events (10 events):
Event: 24.035 Executing VM operation: ParallelGCFailedAllocation done
Event: 24.166 Executing VM operation: ParallelGCFailedAllocation
Event: 24.506 Executing VM operation: ParallelGCFailedAllocation done
Event: 24.644 Executing VM operation: ParallelGCFailedAllocation
Event: 24.825 Executing VM operation: ParallelGCFailedAllocation done
Event: 24.969 Executing VM operation: ParallelGCFailedAllocation
Event: 28.946 Executing VM operation: ParallelGCFailedAllocation done
Event: 29.088 Executing VM operation: ParallelGCFailedAllocation
Event: 29.379 Executing VM operation: ParallelGCFailedAllocation done
Event: 29.522 Executing VM operation: ParallelGCFailedAllocation


Dynamic libraries:
0x00007ff7862a0000 - 0x00007ff7862d7000 	C:\Users\chris\Documents\bin\java.exe
0x00007ffd7f7b0000 - 0x00007ffd7f9a5000 	C:\WINDOWS\SYSTEM32\ntdll.dll
0x00007ffd7ea30000 - 0x00007ffd7eaed000 	C:\WINDOWS\System32\KERNEL32.DLL
0x00007ffd7d540000 - 0x00007ffd7d809000 	C:\WINDOWS\System32\KERNELBASE.dll
0x00007ffd7dd00000 - 0x00007ffd7ddac000 	C:\WINDOWS\System32\ADVAPI32.dll
0x00007ffd7f340000 - 0x00007ffd7f3de000 	C:\WINDOWS\System32\msvcrt.dll
0x00007ffd7e0f0000 - 0x00007ffd7e18b000 	C:\WINDOWS\System32\sechost.dll
0x00007ffd7d810000 - 0x00007ffd7d93a000 	C:\WINDOWS\System32\RPCRT4.dll
0x00007ffd7ec00000 - 0x00007ffd7eda0000 	C:\WINDOWS\System32\USER32.dll
0x00007ffd7d3b0000 - 0x00007ffd7d3d2000 	C:\WINDOWS\System32\win32u.dll
0x00007ffd7dff0000 - 0x00007ffd7e01a000 	C:\WINDOWS\System32\GDI32.dll
0x00007ffd7d3e0000 - 0x00007ffd7d4eb000 	C:\WINDOWS\System32\gdi32full.dll
0x00007ffd7d250000 - 0x00007ffd7d2ed000 	C:\WINDOWS\System32\msvcp_win.dll
0x00007ffd7cee0000 - 0x00007ffd7cfe0000 	C:\WINDOWS\System32\ucrtbase.dll
0x00007ffd6d880000 - 0x00007ffd6db1a000 	C:\WINDOWS\WinSxS\amd64_microsoft.windows.common-controls_6595b64144ccf1df_6.0.19041.1110_none_60b5254171f9507e\COMCTL32.dll
0x00007ffd7f740000 - 0x00007ffd7f770000 	C:\WINDOWS\System32\IMM32.DLL
0x0000000050140000 - 0x0000000050212000 	C:\Users\chris\Documents\jre\bin\msvcr100.dll
0x00000000762a0000 - 0x0000000076b45000 	C:\Users\chris\Documents\jre\bin\server\jvm.dll
0x00007ffd7da80000 - 0x00007ffd7da88000 	C:\WINDOWS\System32\PSAPI.DLL
0x00007ffd69680000 - 0x00007ffd69689000 	C:\WINDOWS\SYSTEM32\WSOCK32.dll
0x00007ffd71950000 - 0x00007ffd71977000 	C:\WINDOWS\SYSTEM32\WINMM.dll
0x00007ffd76660000 - 0x00007ffd7666a000 	C:\WINDOWS\SYSTEM32\VERSION.dll
0x00007ffd7d940000 - 0x00007ffd7d9ab000 	C:\WINDOWS\System32\WS2_32.dll
0x00007ffd674c0000 - 0x00007ffd674cf000 	C:\Users\chris\Documents\jre\bin\verify.dll
0x00007ffd62820000 - 0x00007ffd62849000 	C:\Users\chris\Documents\jre\bin\java.dll
0x00007ffd65b60000 - 0x00007ffd65b76000 	C:\Users\chris\Documents\jre\bin\zip.dll
0x00007ffd7e190000 - 0x00007ffd7e8cf000 	C:\WINDOWS\System32\SHELL32.dll
0x00007ffd7afd0000 - 0x00007ffd7b760000 	C:\WINDOWS\SYSTEM32\windows.storage.dll
0x00007ffd7f3e0000 - 0x00007ffd7f735000 	C:\WINDOWS\System32\combase.dll
0x00007ffd7c860000 - 0x00007ffd7c88c000 	C:\WINDOWS\SYSTEM32\Wldp.dll
0x00007ffd7eb50000 - 0x00007ffd7ebfe000 	C:\WINDOWS\System32\SHCORE.dll
0x00007ffd7dca0000 - 0x00007ffd7dcf5000 	C:\WINDOWS\System32\shlwapi.dll
0x00007ffd7ce20000 - 0x00007ffd7ce3f000 	C:\WINDOWS\SYSTEM32\profapi.dll
0x00007ffd47680000 - 0x00007ffd47819000 	C:\Users\chris\Documents\jre\bin\awt.dll
0x00007ffd7d9b0000 - 0x00007ffd7da7d000 	C:\WINDOWS\System32\OLEAUT32.dll
0x00007ffd7a7c0000 - 0x00007ffd7a850000 	C:\WINDOWS\SYSTEM32\apphelp.dll
0x00007ffd7aae0000 - 0x00007ffd7ab0f000 	C:\WINDOWS\system32\DWMAPI.DLL
0x00007ffd7a910000 - 0x00007ffd7a9ae000 	C:\WINDOWS\system32\uxtheme.dll
0x00007ffd66000000 - 0x00007ffd66125000 	C:\WINDOWS\system32\opengl32.dll
0x00007ffd67cb0000 - 0x00007ffd67cdc000 	C:\WINDOWS\SYSTEM32\GLU32.dll
0x00007ffd7f220000 - 0x00007ffd7f335000 	C:\WINDOWS\System32\MSCTF.dll
0x00007ffd7de30000 - 0x00007ffd7df5a000 	C:\WINDOWS\System32\ole32.dll
0x00007ffd7add0000 - 0x00007ffd7ade2000 	C:\WINDOWS\SYSTEM32\kernel.appcore.dll
0x00007ffd7d2f0000 - 0x00007ffd7d373000 	C:\WINDOWS\System32\bcryptPrimitives.dll
0x00007ffd70bb0000 - 0x00007ffd70d7e000 	C:\WINDOWS\system32\d3d9.dll
0x00007ffd74a20000 - 0x00007ffd74b22000 	C:\WINDOWS\System32\DriverStore\FileRepository\nv_dispi.inf_amd64_5dcb5bbf5c3edcf2\nvldumdx.dll
0x00007ffd7cac0000 - 0x00007ffd7cad2000 	C:\WINDOWS\SYSTEM32\msasn1.dll
0x00007ffd76380000 - 0x00007ffd763b1000 	C:\WINDOWS\SYSTEM32\cryptnet.dll
0x00007ffd7d040000 - 0x00007ffd7d19f000 	C:\WINDOWS\System32\CRYPT32.dll
0x00007ffd7c7d0000 - 0x00007ffd7c7dc000 	C:\WINDOWS\SYSTEM32\cryptbase.dll
0x00007ffd7cfe0000 - 0x00007ffd7d040000 	C:\WINDOWS\System32\WINTRUST.DLL
0x00007ffd7de10000 - 0x00007ffd7de2d000 	C:\WINDOWS\System32\imagehlp.dll
0x00007ffd7c8a0000 - 0x00007ffd7c8b8000 	C:\WINDOWS\SYSTEM32\CRYPTSP.dll
0x00007ffd7bf10000 - 0x00007ffd7bf44000 	C:\WINDOWS\system32\rsaenh.dll
0x00007ffd7d380000 - 0x00007ffd7d3a7000 	C:\WINDOWS\System32\bcrypt.dll
0x00007ffd2b0b0000 - 0x00007ffd2cacc000 	C:\WINDOWS\System32\DriverStore\FileRepository\nv_dispi.inf_amd64_5dcb5bbf5c3edcf2\nvd3dumx.dll
0x00007ffd32f40000 - 0x00007ffd33203000 	C:\WINDOWS\system32\nvspcap64.dll
0x00007ffd7bba0000 - 0x00007ffd7bbd3000 	C:\WINDOWS\SYSTEM32\ntmarta.dll
0x00007ffd7b770000 - 0x00007ffd7b793000 	C:\WINDOWS\SYSTEM32\gpapi.dll
0x00007ffd74c60000 - 0x00007ffd74c9b000 	C:\WINDOWS\SYSTEM32\dxcore.dll
0x00007ffd7d4f0000 - 0x00007ffd7d53e000 	C:\WINDOWS\System32\cfgmgr32.dll
0x00007ffd60320000 - 0x00007ffd6033a000 	C:\Users\chris\Documents\jre\bin\net.dll
0x00007ffd6a4c0000 - 0x00007ffd6a6ac000 	C:\WINDOWS\SYSTEM32\urlmon.dll
0x00007ffd6af50000 - 0x00007ffd6b200000 	C:\WINDOWS\SYSTEM32\iertutil.dll
0x00007ffd7c3f0000 - 0x00007ffd7c3fc000 	C:\WINDOWS\SYSTEM32\netutils.dll
0x00007ffd6b570000 - 0x00007ffd6b598000 	C:\WINDOWS\SYSTEM32\srvcli.dll
0x00007ffd7c5d0000 - 0x00007ffd7c63a000 	C:\WINDOWS\system32\mswsock.dll
0x00007ffd5f560000 - 0x00007ffd5f572000 	C:\Users\chris\Documents\jre\bin\nio.dll
0x00007ffd5eca0000 - 0x00007ffd5ece9000 	C:\Users\chris\Documents\jre\bin\fontmanager.dll
0x00007ffd5aaf0000 - 0x00007ffd5abe9000 	C:\WINDOWS\SYSTEM32\textinputframework.dll
0x00007ffd7a0d0000 - 0x00007ffd7a42e000 	C:\WINDOWS\System32\CoreUIComponents.dll
0x00007ffd7a430000 - 0x00007ffd7a522000 	C:\WINDOWS\System32\CoreMessaging.dll
0x00007ffd79420000 - 0x00007ffd79574000 	C:\WINDOWS\SYSTEM32\wintypes.dll
0x00007ffd67100000 - 0x00007ffd672e4000 	C:\WINDOWS\SYSTEM32\dbghelp.dll

VM Arguments:
jvm_args: -Dfile.encoding=UTF-8 
java_command: Main
java_class_path (initial): C:\Users\chris\OneDrive\Documents\NetBeansProjects\Explorer\build\classes
Launcher Type: SUN_STANDARD

Environment Variables:
PATH=C:\Program Files (x86)\Common Files\Oracle\Java\javapath;C:\Program Files (x86)\Razer Chroma SDK\bin;C:\Program Files\Razer Chroma SDK\bin;C:\Program Files (x86)\Razer\ChromaBroadcast\bin;C:\Program Files\Razer\ChromaBroadcast\bin;C:\Windows\system32;C:\Windows;C:\Windows\System32\Wbem;C:\Windows\System32\WindowsPowerShell\v1.0\;C:\Windows\System32\OpenSSH\;C:\Program Files\NVIDIA Corporation\NVIDIA NvDLISR;C:\Users\chris\AppData\Local\Microsoft\WindowsApps;C:\Windows\system32\config\systemprofile\AppData\Local\Microsoft\WindowsApps;C:\Program Files (x86)\NVIDIA Corporation\PhysX\Common;C:\WINDOWS\system32;C:\WINDOWS;C:\WINDOWS\System32\Wbem;C:\WINDOWS\System32\WindowsPowerShell\v1.0\;C:\WINDOWS\System32\OpenSSH\;C:\Program Files\Git\cmd;C:\Library\Developer\Toolchains\unknown-Asserts-development.xctoolchain\usr\bin;C:\Library\Swift-development\bin;C:\Library\icu-67\usr\bin;C:\Program Files\dotnet\;C:\Program Files (x86)\Brackets\command;C:\Program Files\nodejs\;C:\Users\chris\AppData\Local\Microsoft\WindowsApps;C:\Program Files\heroku\bin;C:\Users\chris\.dotnet\tools;C:\Users\chris\AppData\Local\GitHubDesktop\bin;C:\Users\chris\AppData\Local\Programs\Microsoft VS Code\bin;C:\Users\chris\AppData\Roaming\npm
USERNAME=chris
OS=Windows_NT
PROCESSOR_IDENTIFIER=Intel64 Family 6 Model 158 Stepping 12, GenuineIntel



---------------  S Y S T E M  ---------------

OS: Windows 10.0 , 64 bit Build 19041 (10.0.19041.1151)

CPU:total 16 (initial active 16) (8 cores per cpu, 2 threads per core) family 6 model 158 stepping 12, cmov, cx8, fxsr, mmx, sse, sse2, sse3, ssse3, sse4.1, sse4.2, popcnt, avx, avx2, aes, clmul, erms, rtm, 3dnowpref, lzcnt, ht, tsc, tscinvbit, bmi1, bmi2, adx

Memory: 4k page, physical 16690272k(7222504k free), swap 19180640k(4046412k free)

vm_info: Java HotSpot(TM) 64-Bit Server VM (25.221-b11) for windows-amd64 JRE (1.8.0_221-b11), built on Jul  4 2019 04:39:29 by "java_re" with MS VC++ 10.0 (VS2010)

time: Tue Sep 14 20:21:01 2021
timezone: Eastern Daylight Time
elapsed time: 29 seconds (0d 0h 0m 29s)

